{"level":"info","message":"Starting Tradesmate --------------------------------------------------","timestamp":"2013-04-05T04:45:46.747Z"}
{"level":"info","message":"Configuring application...","timestamp":"2013-04-05T04:45:46.747Z"}
{"level":"info","message":"Retreiving Controllers and Repositories!","timestamp":"2013-04-05T04:45:46.841Z"}
{"level":"info","message":"Defining routes...","timestamp":"2013-04-05T04:45:47.091Z"}
{"level":"info","message":"Tradesmate server listening on port 3000 in development mode","timestamp":"2013-04-05T04:45:47.106Z"}
{"level":"info","message":"Starting Tradesmate --------------------------------------------------","timestamp":"2013-04-05T04:46:01.710Z"}
{"level":"info","message":"Configuring application...","timestamp":"2013-04-05T04:46:01.725Z"}
{"level":"info","message":"Retreiving Controllers and Repositories!","timestamp":"2013-04-05T04:46:01.835Z"}
{"level":"info","message":"Defining routes...","timestamp":"2013-04-05T04:46:01.944Z"}
{"level":"info","message":"Tradesmate server listening on port 3000 in development mode","timestamp":"2013-04-05T04:46:01.960Z"}
{"level":"info","message":"Starting Tradesmate --------------------------------------------------","timestamp":"2013-04-05T04:49:58.062Z"}
{"level":"info","message":"Configuring application...","timestamp":"2013-04-05T04:49:58.078Z"}
{"level":"info","message":"Retreiving Controllers and Repositories!","timestamp":"2013-04-05T04:49:58.281Z"}
{"level":"info","message":"Defining routes...","timestamp":"2013-04-05T04:49:58.531Z"}
{"level":"info","message":"Tradesmate server listening on port 3000 in development mode","timestamp":"2013-04-05T04:49:58.546Z"}
{"level":"info","message":"Starting Tradesmate --------------------------------------------------","timestamp":"2013-04-05T04:55:02.636Z"}
{"level":"info","message":"Configuring application...","timestamp":"2013-04-05T04:55:02.651Z"}
{"level":"info","message":"Retreiving Controllers and Repositories!","timestamp":"2013-04-05T04:55:02.792Z"}
{"level":"info","message":"Defining routes...","timestamp":"2013-04-05T04:55:02.917Z"}
{"level":"info","message":"Tradesmate server listening on port 3000 in development mode","timestamp":"2013-04-05T04:55:02.932Z"}
{"level":"info","message":"Starting Tradesmate --------------------------------------------------","timestamp":"2013-04-06T05:44:27.572Z"}
{"level":"info","message":"Configuring application...","timestamp":"2013-04-06T05:44:27.572Z"}
{"level":"info","message":"Retreiving Controllers and Repositories!","timestamp":"2013-04-06T05:44:27.744Z"}
{"level":"info","message":"Defining routes...","timestamp":"2013-04-06T05:44:27.978Z"}
{"level":"info","message":"Tradesmate server listening on port 3000 in development mode","timestamp":"2013-04-06T05:44:27.994Z"}
{"level":"info","message":"Starting Tradesmate --------------------------------------------------","timestamp":"2013-04-06T05:44:39.965Z"}
{"level":"info","message":"Configuring application...","timestamp":"2013-04-06T05:44:39.980Z"}
{"level":"info","message":"Retreiving Controllers and Repositories!","timestamp":"2013-04-06T05:44:40.137Z"}
{"level":"info","message":"Defining routes...","timestamp":"2013-04-06T05:44:40.371Z"}
{"level":"info","message":"Tradesmate server listening on port 3000 in development mode","timestamp":"2013-04-06T05:44:40.387Z"}
{"level":"info","message":"Starting Tradesmate --------------------------------------------------","timestamp":"2013-04-06T09:09:21.555Z"}
{"level":"info","message":"Configuring application...","timestamp":"2013-04-06T09:09:21.555Z"}
{"level":"info","message":"Retreiving Controllers and Repositories!","timestamp":"2013-04-06T09:09:21.680Z"}
{"level":"info","message":"Defining routes...","timestamp":"2013-04-06T09:09:21.789Z"}
{"level":"info","message":"Tradesmate server listening on port 3000 in development mode","timestamp":"2013-04-06T09:09:21.805Z"}
{"level":"info","message":"Starting Tradesmate --------------------------------------------------","timestamp":"2013-04-08T05:14:45.500Z"}
{"level":"info","message":"Configuring application...","timestamp":"2013-04-08T05:14:45.516Z"}
{"level":"info","message":"Retreiving Controllers and Repositories!","timestamp":"2013-04-08T05:14:45.657Z"}
{"level":"info","message":"Defining routes...","timestamp":"2013-04-08T05:14:46.188Z"}
{"level":"info","message":"Tradesmate server listening on port 3000 in development mode","timestamp":"2013-04-08T05:14:46.188Z"}
{"level":"info","message":"Starting Tradesmate --------------------------------------------------","timestamp":"2013-04-08T05:15:15.093Z"}
{"level":"info","message":"Configuring application...","timestamp":"2013-04-08T05:15:15.109Z"}
{"level":"info","message":"Retreiving Controllers and Repositories!","timestamp":"2013-04-08T05:15:15.202Z"}
{"level":"info","message":"Defining routes...","timestamp":"2013-04-08T05:15:15.609Z"}
{"level":"info","message":"Tradesmate server listening on port 3000 in development mode","timestamp":"2013-04-08T05:15:15.624Z"}
{"level":"info","message":"Starting Tradesmate --------------------------------------------------","timestamp":"2013-04-08T05:16:14.233Z"}
{"level":"info","message":"Configuring application...","timestamp":"2013-04-08T05:16:14.248Z"}
{"level":"info","message":"Retreiving Controllers and Repositories!","timestamp":"2013-04-08T05:16:14.358Z"}
{"level":"info","message":"Defining routes...","timestamp":"2013-04-08T05:16:14.842Z"}
{"level":"info","message":"Tradesmate server listening on port 3000 in development mode","timestamp":"2013-04-08T05:16:14.858Z"}
{"level":"info","message":"POST http://localhost:3000/app/email?From=teampo2@gmail.com","timestamp":"2013-04-08T05:16:15.623Z"}
{"level":"info","message":"Starting Tradesmate --------------------------------------------------","timestamp":"2013-04-08T05:20:14.249Z"}
{"level":"info","message":"Configuring application...","timestamp":"2013-04-08T05:20:14.264Z"}
{"level":"info","message":"Retreiving Controllers and Repositories!","timestamp":"2013-04-08T05:20:14.358Z"}
{"level":"info","message":"Defining routes...","timestamp":"2013-04-08T05:20:14.858Z"}
{"level":"info","message":"Tradesmate server listening on port 3000 in development mode","timestamp":"2013-04-08T05:20:14.874Z"}
{"level":"info","message":"Starting Tradesmate --------------------------------------------------","timestamp":"2013-04-08T05:23:10.257Z"}
{"level":"info","message":"Configuring application...","timestamp":"2013-04-08T05:23:10.257Z"}
{"level":"info","message":"Retreiving Controllers and Repositories!","timestamp":"2013-04-08T05:23:10.367Z"}
{"level":"info","message":"Defining routes...","timestamp":"2013-04-08T05:23:10.789Z"}
{"level":"info","message":"Tradesmate server listening on port 3000 in development mode","timestamp":"2013-04-08T05:23:10.789Z"}
{"level":"info","message":"Starting Tradesmate --------------------------------------------------","timestamp":"2013-04-08T05:23:42.960Z"}
{"level":"info","message":"Configuring application...","timestamp":"2013-04-08T05:23:42.976Z"}
{"level":"info","message":"Retreiving Controllers and Repositories!","timestamp":"2013-04-08T05:23:43.085Z"}
{"level":"info","message":"Defining routes...","timestamp":"2013-04-08T05:23:43.539Z"}
{"level":"info","message":"Tradesmate server listening on port 3000 in development mode","timestamp":"2013-04-08T05:23:43.554Z"}
{"level":"info","message":"POST http://localhost:3000/app/email?From=teampo2@gmail.com&Subject=123123","timestamp":"2013-04-08T05:23:44.273Z"}
{"level":"info","message":"Starting Tradesmate --------------------------------------------------","timestamp":"2013-04-08T05:25:49.616Z"}
{"level":"info","message":"Configuring application...","timestamp":"2013-04-08T05:25:49.616Z"}
{"level":"info","message":"Retreiving Controllers and Repositories!","timestamp":"2013-04-08T05:25:49.772Z"}
{"level":"info","message":"Defining routes...","timestamp":"2013-04-08T05:25:49.928Z"}
{"level":"info","message":"Tradesmate server listening on port 3000 in development mode","timestamp":"2013-04-08T05:25:49.959Z"}
{"level":"info","message":"POST http://localhost:3000/app/email?From=teampo2@gmail.com&Subject=123123","timestamp":"2013-04-08T05:25:50.647Z"}
{"level":"info","message":"Starting Tradesmate --------------------------------------------------","timestamp":"2013-04-08T05:26:12.757Z"}
{"level":"info","message":"Configuring application...","timestamp":"2013-04-08T05:26:12.757Z"}
{"level":"info","message":"Retreiving Controllers and Repositories!","timestamp":"2013-04-08T05:26:12.850Z"}
{"level":"info","message":"Defining routes...","timestamp":"2013-04-08T05:26:12.975Z"}
{"level":"info","message":"Tradesmate server listening on port 3000 in development mode","timestamp":"2013-04-08T05:26:12.991Z"}
{"level":"info","message":"Starting Tradesmate --------------------------------------------------","timestamp":"2013-04-08T05:27:05.366Z"}
{"level":"info","message":"Configuring application...","timestamp":"2013-04-08T05:27:05.382Z"}
{"level":"info","message":"Retreiving Controllers and Repositories!","timestamp":"2013-04-08T05:27:05.491Z"}
{"date":"Mon Apr 08 2013 13:27:05 GMT+0800 (China Standard Time)","process":{"pid":4004,"uid":null,"gid":null,"cwd":"C:\\Documents and Settings\\Administrator\\My Documents\\tradesmate\\Tradesmate\\NodeAppServer\\tradesmate","execPath":"D:\\Program Files\\nodejs\\node.exe","version":"v0.10.0","argv":["node","C:\\Documents and Settings\\Administrator\\My Documents\\tradesmate\\Tradesmate\\NodeAppServer\\tradesmate\\app.js"],"memoryUsage":{"rss":25509888,"heapTotal":17484928,"heapUsed":7788640}},"os":{"loadavg":[0,0,0],"uptime":13106.0849609},"trace":[{"column":25,"file":"module.js","function":"Module._compile","line":439,"method":"_compile","native":false},{"column":10,"file":"module.js","function":"Object.Module._extensions..js","line":474,"method":"Module._extensions..js","native":false},{"column":32,"file":"module.js","function":"Module.load","line":356,"method":"load","native":false},{"column":12,"file":"module.js","function":"Function.Module._load","line":312,"method":"Module._load","native":false},{"column":17,"file":"module.js","function":"Module.require","line":364,"method":"require","native":false},{"column":17,"file":"module.js","function":"require","line":380,"method":null,"native":false},{"column":23,"file":"C:\\Documents and Settings\\Administrator\\My Documents\\tradesmate\\Tradesmate\\NodeAppServer\\tradesmate\\app.js","function":"","line":215,"method":null,"native":false},{"column":26,"file":"module.js","function":"Module._compile","line":456,"method":"_compile","native":false},{"column":10,"file":"module.js","function":"Object.Module._extensions..js","line":474,"method":"Module._extensions..js","native":false},{"column":32,"file":"module.js","function":"Module.load","line":356,"method":"load","native":false}],"stack":["SyntaxError: Unexpected token :","    at Module._compile (module.js:439:25)","    at Object.Module._extensions..js (module.js:474:10)","    at Module.load (module.js:356:32)","    at Function.Module._load (module.js:312:12)","    at Module.require (module.js:364:17)","    at require (module.js:380:17)","    at Object.<anonymous> (C:\\Documents and Settings\\Administrator\\My Documents\\tradesmate\\Tradesmate\\NodeAppServer\\tradesmate\\app.js:215:23)","    at Module._compile (module.js:456:26)","    at Object.Module._extensions..js (module.js:474:10)","    at Module.load (module.js:356:32)"],"level":"error","message":"uncaughtException","timestamp":"2013-04-08T05:27:05.585Z"}
{"level":"error","message":"UNCAUGHT EXCEPTION!!\r\nSyntaxError: Unexpected token :\n    at Module._compile (module.js:439:25)\n    at Object.Module._extensions..js (module.js:474:10)\n    at Module.load (module.js:356:32)\n    at Function.Module._load (module.js:312:12)\n    at Module.require (module.js:364:17)\n    at require (module.js:380:17)\n    at Object.<anonymous> (C:\\Documents and Settings\\Administrator\\My Documents\\tradesmate\\Tradesmate\\NodeAppServer\\tradesmate\\app.js:215:23)\n    at Module._compile (module.js:456:26)\n    at Object.Module._extensions..js (module.js:474:10)\n    at Module.load (module.js:356:32)","timestamp":"2013-04-08T05:27:05.585Z"}
{"level":"info","message":"Starting Tradesmate --------------------------------------------------","timestamp":"2013-04-08T05:27:30.163Z"}
{"level":"info","message":"Configuring application...","timestamp":"2013-04-08T05:27:30.178Z"}
{"level":"info","message":"Retreiving Controllers and Repositories!","timestamp":"2013-04-08T05:27:30.303Z"}
{"level":"info","message":"Defining routes...","timestamp":"2013-04-08T05:27:30.413Z"}
{"level":"info","message":"Tradesmate server listening on port 3000 in development mode","timestamp":"2013-04-08T05:27:30.444Z"}
{"level":"info","message":"Starting Tradesmate --------------------------------------------------","timestamp":"2013-04-08T05:28:48.022Z"}
{"level":"info","message":"Configuring application...","timestamp":"2013-04-08T05:28:48.037Z"}
{"level":"info","message":"Retreiving Controllers and Repositories!","timestamp":"2013-04-08T05:28:48.131Z"}
{"level":"info","message":"Defining routes...","timestamp":"2013-04-08T05:28:48.256Z"}
{"level":"info","message":"Tradesmate server listening on port 3000 in development mode","timestamp":"2013-04-08T05:28:48.272Z"}
{"level":"info","message":"POST http://localhost:3000/app/email?From=teampo2@gmail.com&Subject=123123","timestamp":"2013-04-08T05:28:49.037Z"}
{"level":"info","message":"Starting Tradesmate --------------------------------------------------","timestamp":"2013-04-08T05:35:08.654Z"}
{"level":"info","message":"Configuring application...","timestamp":"2013-04-08T05:35:08.670Z"}
{"level":"info","message":"Retreiving Controllers and Repositories!","timestamp":"2013-04-08T05:35:08.842Z"}
{"level":"info","message":"Defining routes...","timestamp":"2013-04-08T05:35:08.998Z"}
{"level":"info","message":"Tradesmate server listening on port 3000 in development mode","timestamp":"2013-04-08T05:35:09.029Z"}
{"level":"info","message":"Starting Tradesmate --------------------------------------------------","timestamp":"2013-04-08T05:36:58.030Z"}
{"level":"info","message":"Configuring application...","timestamp":"2013-04-08T05:36:58.030Z"}
{"level":"info","message":"Retreiving Controllers and Repositories!","timestamp":"2013-04-08T05:36:58.155Z"}
{"level":"info","message":"Defining routes...","timestamp":"2013-04-08T05:36:58.264Z"}
{"level":"info","message":"Tradesmate server listening on port 3000 in development mode","timestamp":"2013-04-08T05:36:58.280Z"}
{"level":"info","message":"Starting Tradesmate --------------------------------------------------","timestamp":"2013-04-08T06:05:44.711Z"}
{"level":"info","message":"Configuring application...","timestamp":"2013-04-08T06:05:44.727Z"}
{"level":"info","message":"Retreiving Controllers and Repositories!","timestamp":"2013-04-08T06:05:44.820Z"}
{"level":"info","message":"Defining routes...","timestamp":"2013-04-08T06:05:44.930Z"}
{"level":"info","message":"Tradesmate server listening on port 3000 in development mode","timestamp":"2013-04-08T06:05:44.945Z"}
{"date":"Mon Apr 08 2013 14:05:45 GMT+0800 (China Standard Time)","process":{"pid":5292,"uid":null,"gid":null,"cwd":"C:\\Documents and Settings\\Administrator\\My Documents\\tradesmate\\Tradesmate\\NodeAppServer\\tradesmate","execPath":"D:\\Program Files\\nodejs\\node.exe","version":"v0.10.0","argv":["node","C:\\Documents and Settings\\Administrator\\My Documents\\tradesmate\\Tradesmate\\NodeAppServer\\tradesmate\\app.js"],"memoryUsage":{"rss":33345536,"heapTotal":28908416,"heapUsed":15544620}},"os":{"loadavg":[0,0,0],"uptime":15426.149414},"trace":[{"column":19,"file":"net.js","function":"Socket._write","line":603,"method":"_write","native":false},{"column":10,"file":"_stream_writable.js","function":"doWrite","line":211,"method":null,"native":false},{"column":5,"file":"_stream_writable.js","function":"writeOrBuffer","line":201,"method":null,"native":false},{"column":11,"file":"_stream_writable.js","function":"Socket.Writable.write","line":172,"method":"Writable.write","native":false},{"column":40,"file":"net.js","function":"Socket.write","line":581,"method":"write","native":false},{"column":26,"file":"stream.js","function":"MailComposer.ondata","line":51,"method":"ondata","native":false},{"column":17,"file":"events.js","function":"MailComposer.EventEmitter.emit","line":95,"method":"EventEmitter.emit","native":false},{"column":14,"file":"C:\\Documents and Settings\\Administrator\\My Documents\\tradesmate\\Tradesmate\\NodeAppServer\\tradesmate\\node_modules\\nodemailer\\node_modules\\mailcomposer\\lib\\mailcomposer.js","function":"MailComposer._composeHeader","line":613,"method":"_composeHeader","native":false},{"column":10,"file":"C:\\Documents and Settings\\Administrator\\My Documents\\tradesmate\\Tradesmate\\NodeAppServer\\tradesmate\\node_modules\\nodemailer\\node_modules\\mailcomposer\\lib\\mailcomposer.js","function":"MailComposer._composeMessage","line":540,"method":"_composeMessage","native":false},{"column":13,"file":"node.js","function":"process._tickCallback","line":415,"method":"_tickCallback","native":false}],"stack":["Error: This socket is closed.","    at Socket._write (net.js:603:19)","    at doWrite (_stream_writable.js:211:10)","    at writeOrBuffer (_stream_writable.js:201:5)","    at Socket.Writable.write (_stream_writable.js:172:11)","    at Socket.write (net.js:581:40)","    at MailComposer.ondata (stream.js:51:26)","    at MailComposer.EventEmitter.emit (events.js:95:17)","    at MailComposer._composeHeader (C:\\Documents and Settings\\Administrator\\My Documents\\tradesmate\\Tradesmate\\NodeAppServer\\tradesmate\\node_modules\\nodemailer\\node_modules\\mailcomposer\\lib\\mailcomposer.js:613:14)","    at MailComposer._composeMessage (C:\\Documents and Settings\\Administrator\\My Documents\\tradesmate\\Tradesmate\\NodeAppServer\\tradesmate\\node_modules\\nodemailer\\node_modules\\mailcomposer\\lib\\mailcomposer.js:540:10)","    at process._tickCallback (node.js:415:13)"],"level":"error","message":"uncaughtException","timestamp":"2013-04-08T06:05:45.649Z"}
{"level":"error","message":"UNCAUGHT EXCEPTION!!\r\nError: This socket is closed.\n    at Socket._write (net.js:603:19)\n    at doWrite (_stream_writable.js:211:10)\n    at writeOrBuffer (_stream_writable.js:201:5)\n    at Socket.Writable.write (_stream_writable.js:172:11)\n    at Socket.write (net.js:581:40)\n    at MailComposer.ondata (stream.js:51:26)\n    at MailComposer.EventEmitter.emit (events.js:95:17)\n    at MailComposer._composeHeader (C:\\Documents and Settings\\Administrator\\My Documents\\tradesmate\\Tradesmate\\NodeAppServer\\tradesmate\\node_modules\\nodemailer\\node_modules\\mailcomposer\\lib\\mailcomposer.js:613:14)\n    at MailComposer._composeMessage (C:\\Documents and Settings\\Administrator\\My Documents\\tradesmate\\Tradesmate\\NodeAppServer\\tradesmate\\node_modules\\nodemailer\\node_modules\\mailcomposer\\lib\\mailcomposer.js:540:10)\n    at process._tickCallback (node.js:415:13)","timestamp":"2013-04-08T06:05:45.649Z"}
{"date":"Mon Apr 08 2013 14:05:45 GMT+0800 (China Standard Time)","process":{"pid":5292,"uid":null,"gid":null,"cwd":"C:\\Documents and Settings\\Administrator\\My Documents\\tradesmate\\Tradesmate\\NodeAppServer\\tradesmate","execPath":"D:\\Program Files\\nodejs\\node.exe","version":"v0.10.0","argv":["node","C:\\Documents and Settings\\Administrator\\My Documents\\tradesmate\\Tradesmate\\NodeAppServer\\tradesmate\\app.js"],"memoryUsage":{"rss":34177024,"heapTotal":28908416,"heapUsed":16018072}},"os":{"loadavg":[0,0,0],"uptime":15426.180664},"trace":[{"column":11,"file":"child_process.js","function":"errnoException","line":945,"method":null,"native":false},{"column":34,"file":"child_process.js","function":"Process.ChildProcess._handle.onexit","line":736,"method":"ChildProcess._handle.onexit","native":false}],"stack":["Error: spawn ENOENT","    at errnoException (child_process.js:945:11)","    at Process.ChildProcess._handle.onexit (child_process.js:736:34)"],"level":"error","message":"uncaughtException","timestamp":"2013-04-08T06:05:45.664Z"}
{"level":"error","message":"UNCAUGHT EXCEPTION!!\r\nError: spawn ENOENT\n    at errnoException (child_process.js:945:11)\n    at Process.ChildProcess._handle.onexit (child_process.js:736:34)","timestamp":"2013-04-08T06:05:45.664Z"}
{"level":"info","message":"Starting Tradesmate --------------------------------------------------","timestamp":"2013-04-08T06:06:09.290Z"}
{"level":"info","message":"Configuring application...","timestamp":"2013-04-08T06:06:09.306Z"}
{"level":"info","message":"Retreiving Controllers and Repositories!","timestamp":"2013-04-08T06:06:09.400Z"}
{"level":"info","message":"Defining routes...","timestamp":"2013-04-08T06:06:09.509Z"}
{"level":"info","message":"Tradesmate server listening on port 3000 in development mode","timestamp":"2013-04-08T06:06:09.525Z"}
{"level":"info","message":"Starting Tradesmate --------------------------------------------------","timestamp":"2013-04-08T06:07:38.135Z"}
{"level":"info","message":"Configuring application...","timestamp":"2013-04-08T06:07:38.151Z"}
{"level":"info","message":"Retreiving Controllers and Repositories!","timestamp":"2013-04-08T06:07:38.276Z"}
{"level":"info","message":"Defining routes...","timestamp":"2013-04-08T06:07:38.401Z"}
{"level":"info","message":"Tradesmate server listening on port 3000 in development mode","timestamp":"2013-04-08T06:07:38.416Z"}
{"date":"Mon Apr 08 2013 14:07:39 GMT+0800 (China Standard Time)","process":{"pid":3180,"uid":null,"gid":null,"cwd":"C:\\Documents and Settings\\Administrator\\My Documents\\tradesmate\\Tradesmate\\NodeAppServer\\tradesmate","execPath":"D:\\Program Files\\nodejs\\node.exe","version":"v0.10.0","argv":["node","C:\\Documents and Settings\\Administrator\\My Documents\\tradesmate\\Tradesmate\\NodeAppServer\\tradesmate\\app.js"],"memoryUsage":{"rss":33148928,"heapTotal":28908416,"heapUsed":15456732}},"os":{"loadavg":[0,0,0],"uptime":15539.5722656},"trace":[{"column":11,"file":"net.js","function":"errnoException","line":863,"method":null,"native":false},{"column":14,"file":"net.js","function":"Server._listen2","line":1008,"method":"_listen2","native":false},{"column":10,"file":"net.js","function":"listen","line":1030,"method":null,"native":false},{"column":5,"file":"net.js","function":"Server.listen","line":1096,"method":"listen","native":false},{"column":24,"file":"C:\\Documents and Settings\\Administrator\\My Documents\\tradesmate\\Tradesmate\\NodeAppServer\\tradesmate\\node_modules\\express\\lib\\application.js","function":"Function.app.listen","line":532,"method":"app.listen","native":false},{"column":5,"file":"C:\\Documents and Settings\\Administrator\\My Documents\\tradesmate\\Tradesmate\\NodeAppServer\\tradesmate\\app.js","function":"","line":449,"method":null,"native":false},{"column":26,"file":"module.js","function":"Module._compile","line":456,"method":"_compile","native":false},{"column":10,"file":"module.js","function":"Object.Module._extensions..js","line":474,"method":"Module._extensions..js","native":false},{"column":32,"file":"module.js","function":"Module.load","line":356,"method":"load","native":false},{"column":12,"file":"module.js","function":"Function.Module._load","line":312,"method":"Module._load","native":false}],"stack":["Error: listen EADDRINUSE","    at errnoException (net.js:863:11)","    at Server._listen2 (net.js:1008:14)","    at listen (net.js:1030:10)","    at Server.listen (net.js:1096:5)","    at Function.app.listen (C:\\Documents and Settings\\Administrator\\My Documents\\tradesmate\\Tradesmate\\NodeAppServer\\tradesmate\\node_modules\\express\\lib\\application.js:532:24)","    at Object.<anonymous> (C:\\Documents and Settings\\Administrator\\My Documents\\tradesmate\\Tradesmate\\NodeAppServer\\tradesmate\\app.js:449:5)","    at Module._compile (module.js:456:26)","    at Object.Module._extensions..js (module.js:474:10)","    at Module.load (module.js:356:32)","    at Function.Module._load (module.js:312:12)"],"level":"error","message":"uncaughtException","timestamp":"2013-04-08T06:07:39.072Z"}
{"level":"error","message":"UNCAUGHT EXCEPTION!!\r\nError: listen EADDRINUSE\n    at errnoException (net.js:863:11)\n    at Server._listen2 (net.js:1008:14)\n    at listen (net.js:1030:10)\n    at Server.listen (net.js:1096:5)\n    at Function.app.listen (C:\\Documents and Settings\\Administrator\\My Documents\\tradesmate\\Tradesmate\\NodeAppServer\\tradesmate\\node_modules\\express\\lib\\application.js:532:24)\n    at Object.<anonymous> (C:\\Documents and Settings\\Administrator\\My Documents\\tradesmate\\Tradesmate\\NodeAppServer\\tradesmate\\app.js:449:5)\n    at Module._compile (module.js:456:26)\n    at Object.Module._extensions..js (module.js:474:10)\n    at Module.load (module.js:356:32)\n    at Function.Module._load (module.js:312:12)","timestamp":"2013-04-08T06:07:39.072Z"}
{"level":"info","message":"Starting Tradesmate --------------------------------------------------","timestamp":"2013-04-08T06:07:44.337Z"}
{"level":"info","message":"Configuring application...","timestamp":"2013-04-08T06:07:44.352Z"}
{"level":"info","message":"Retreiving Controllers and Repositories!","timestamp":"2013-04-08T06:07:44.509Z"}
{"level":"info","message":"Defining routes...","timestamp":"2013-04-08T06:07:44.696Z"}
{"level":"info","message":"Tradesmate server listening on port 3000 in development mode","timestamp":"2013-04-08T06:07:44.712Z"}
{"level":"info","message":"Starting Tradesmate --------------------------------------------------","timestamp":"2013-04-08T06:07:54.587Z"}
{"level":"info","message":"Configuring application...","timestamp":"2013-04-08T06:07:54.603Z"}
{"level":"info","message":"Retreiving Controllers and Repositories!","timestamp":"2013-04-08T06:07:54.712Z"}
{"level":"info","message":"Defining routes...","timestamp":"2013-04-08T06:07:54.822Z"}
{"level":"info","message":"Tradesmate server listening on port 3000 in development mode","timestamp":"2013-04-08T06:07:54.837Z"}
{"date":"Mon Apr 08 2013 14:07:55 GMT+0800 (China Standard Time)","process":{"pid":3864,"uid":null,"gid":null,"cwd":"C:\\Documents and Settings\\Administrator\\My Documents\\tradesmate\\Tradesmate\\NodeAppServer\\tradesmate","execPath":"D:\\Program Files\\nodejs\\node.exe","version":"v0.10.0","argv":["node","C:\\Documents and Settings\\Administrator\\My Documents\\tradesmate\\Tradesmate\\NodeAppServer\\tradesmate\\app.js"],"memoryUsage":{"rss":33398784,"heapTotal":28908416,"heapUsed":15545056}},"os":{"loadavg":[0,0,0],"uptime":15556.0253906},"trace":[{"column":19,"file":"net.js","function":"Socket._write","line":603,"method":"_write","native":false},{"column":10,"file":"_stream_writable.js","function":"doWrite","line":211,"method":null,"native":false},{"column":5,"file":"_stream_writable.js","function":"writeOrBuffer","line":201,"method":null,"native":false},{"column":11,"file":"_stream_writable.js","function":"Socket.Writable.write","line":172,"method":"Writable.write","native":false},{"column":40,"file":"net.js","function":"Socket.write","line":581,"method":"write","native":false},{"column":26,"file":"stream.js","function":"MailComposer.ondata","line":51,"method":"ondata","native":false},{"column":17,"file":"events.js","function":"MailComposer.EventEmitter.emit","line":95,"method":"EventEmitter.emit","native":false},{"column":14,"file":"C:\\Documents and Settings\\Administrator\\My Documents\\tradesmate\\Tradesmate\\NodeAppServer\\tradesmate\\node_modules\\nodemailer\\node_modules\\mailcomposer\\lib\\mailcomposer.js","function":"MailComposer._composeHeader","line":613,"method":"_composeHeader","native":false},{"column":10,"file":"C:\\Documents and Settings\\Administrator\\My Documents\\tradesmate\\Tradesmate\\NodeAppServer\\tradesmate\\node_modules\\nodemailer\\node_modules\\mailcomposer\\lib\\mailcomposer.js","function":"MailComposer._composeMessage","line":540,"method":"_composeMessage","native":false},{"column":13,"file":"node.js","function":"process._tickCallback","line":415,"method":"_tickCallback","native":false}],"stack":["Error: This socket is closed.","    at Socket._write (net.js:603:19)","    at doWrite (_stream_writable.js:211:10)","    at writeOrBuffer (_stream_writable.js:201:5)","    at Socket.Writable.write (_stream_writable.js:172:11)","    at Socket.write (net.js:581:40)","    at MailComposer.ondata (stream.js:51:26)","    at MailComposer.EventEmitter.emit (events.js:95:17)","    at MailComposer._composeHeader (C:\\Documents and Settings\\Administrator\\My Documents\\tradesmate\\Tradesmate\\NodeAppServer\\tradesmate\\node_modules\\nodemailer\\node_modules\\mailcomposer\\lib\\mailcomposer.js:613:14)","    at MailComposer._composeMessage (C:\\Documents and Settings\\Administrator\\My Documents\\tradesmate\\Tradesmate\\NodeAppServer\\tradesmate\\node_modules\\nodemailer\\node_modules\\mailcomposer\\lib\\mailcomposer.js:540:10)","    at process._tickCallback (node.js:415:13)"],"level":"error","message":"uncaughtException","timestamp":"2013-04-08T06:07:55.509Z"}
{"level":"error","message":"UNCAUGHT EXCEPTION!!\r\nError: This socket is closed.\n    at Socket._write (net.js:603:19)\n    at doWrite (_stream_writable.js:211:10)\n    at writeOrBuffer (_stream_writable.js:201:5)\n    at Socket.Writable.write (_stream_writable.js:172:11)\n    at Socket.write (net.js:581:40)\n    at MailComposer.ondata (stream.js:51:26)\n    at MailComposer.EventEmitter.emit (events.js:95:17)\n    at MailComposer._composeHeader (C:\\Documents and Settings\\Administrator\\My Documents\\tradesmate\\Tradesmate\\NodeAppServer\\tradesmate\\node_modules\\nodemailer\\node_modules\\mailcomposer\\lib\\mailcomposer.js:613:14)\n    at MailComposer._composeMessage (C:\\Documents and Settings\\Administrator\\My Documents\\tradesmate\\Tradesmate\\NodeAppServer\\tradesmate\\node_modules\\nodemailer\\node_modules\\mailcomposer\\lib\\mailcomposer.js:540:10)\n    at process._tickCallback (node.js:415:13)","timestamp":"2013-04-08T06:07:55.509Z"}
{"date":"Mon Apr 08 2013 14:07:55 GMT+0800 (China Standard Time)","process":{"pid":3864,"uid":null,"gid":null,"cwd":"C:\\Documents and Settings\\Administrator\\My Documents\\tradesmate\\Tradesmate\\NodeAppServer\\tradesmate","execPath":"D:\\Program Files\\nodejs\\node.exe","version":"v0.10.0","argv":["node","C:\\Documents and Settings\\Administrator\\My Documents\\tradesmate\\Tradesmate\\NodeAppServer\\tradesmate\\app.js"],"memoryUsage":{"rss":34127872,"heapTotal":28908416,"heapUsed":16018512}},"os":{"loadavg":[0,0,0],"uptime":15556.0410156},"trace":[{"column":11,"file":"child_process.js","function":"errnoException","line":945,"method":null,"native":false},{"column":34,"file":"child_process.js","function":"Process.ChildProcess._handle.onexit","line":736,"method":"ChildProcess._handle.onexit","native":false}],"stack":["Error: spawn ENOENT","    at errnoException (child_process.js:945:11)","    at Process.ChildProcess._handle.onexit (child_process.js:736:34)"],"level":"error","message":"uncaughtException","timestamp":"2013-04-08T06:07:55.540Z"}
{"level":"error","message":"UNCAUGHT EXCEPTION!!\r\nError: spawn ENOENT\n    at errnoException (child_process.js:945:11)\n    at Process.ChildProcess._handle.onexit (child_process.js:736:34)","timestamp":"2013-04-08T06:07:55.540Z"}
{"level":"info","message":"Starting Tradesmate --------------------------------------------------","timestamp":"2013-04-08T06:33:18.567Z"}
{"level":"info","message":"Configuring application...","timestamp":"2013-04-08T06:33:18.583Z"}
{"level":"info","message":"Retreiving Controllers and Repositories!","timestamp":"2013-04-08T06:33:18.770Z"}
{"level":"info","message":"Defining routes...","timestamp":"2013-04-08T06:33:18.989Z"}
{"level":"info","message":"Tradesmate server listening on port 3000 in development mode","timestamp":"2013-04-08T06:33:19.005Z"}
{"level":"info","message":"Starting Tradesmate --------------------------------------------------","timestamp":"2013-04-09T00:53:24.807Z"}
{"level":"info","message":"Configuring application...","timestamp":"2013-04-09T00:53:24.820Z"}
{"level":"info","message":"Retreiving Controllers and Repositories!","timestamp":"2013-04-09T00:53:25.069Z"}
{"level":"info","message":"Defining routes...","timestamp":"2013-04-09T00:53:25.364Z"}
{"level":"info","message":"Tradesmate server listening on port 3000 in development mode","timestamp":"2013-04-09T00:53:25.379Z"}
{"level":"info","message":"Starting Tradesmate --------------------------------------------------","timestamp":"2013-04-09T00:55:18.434Z"}
{"level":"info","message":"Configuring application...","timestamp":"2013-04-09T00:55:18.450Z"}
{"level":"info","message":"Retreiving Controllers and Repositories!","timestamp":"2013-04-09T00:55:18.559Z"}
{"level":"info","message":"Defining routes...","timestamp":"2013-04-09T00:55:18.684Z"}
{"level":"info","message":"Tradesmate server listening on port 3000 in development mode","timestamp":"2013-04-09T00:55:18.700Z"}
{"level":"info","message":"Starting Tradesmate --------------------------------------------------","timestamp":"2013-04-09T00:56:48.487Z"}
{"level":"info","message":"Configuring application...","timestamp":"2013-04-09T00:56:48.487Z"}
{"level":"info","message":"Retreiving Controllers and Repositories!","timestamp":"2013-04-09T00:56:48.628Z"}
{"level":"info","message":"Defining routes...","timestamp":"2013-04-09T00:56:48.768Z"}
{"level":"info","message":"Tradesmate server listening on port 3000 in development mode","timestamp":"2013-04-09T00:56:48.784Z"}
{"level":"info","message":"Starting Tradesmate --------------------------------------------------","timestamp":"2013-04-09T01:01:57.376Z"}
{"level":"info","message":"Configuring application...","timestamp":"2013-04-09T01:01:57.392Z"}
{"level":"info","message":"Retreiving Controllers and Repositories!","timestamp":"2013-04-09T01:01:57.501Z"}
{"level":"info","message":"Defining routes...","timestamp":"2013-04-09T01:01:57.642Z"}
{"level":"info","message":"Tradesmate server listening on port 3000 in development mode","timestamp":"2013-04-09T01:01:57.658Z"}
{"level":"info","message":"Starting Tradesmate --------------------------------------------------","timestamp":"2013-04-09T07:21:57.758Z"}
{"level":"info","message":"Configuring application...","timestamp":"2013-04-09T07:21:57.758Z"}
{"level":"info","message":"Retreiving Controllers and Repositories!","timestamp":"2013-04-09T07:21:57.992Z"}
{"level":"info","message":"Defining routes...","timestamp":"2013-04-09T07:21:58.446Z"}
{"level":"info","message":"Tradesmate server listening on port 3000 in development mode","timestamp":"2013-04-09T07:21:58.461Z"}
{"level":"info","message":"Starting Tradesmate --------------------------------------------------","timestamp":"2013-04-09T09:45:17.916Z"}
{"level":"info","message":"Configuring application...","timestamp":"2013-04-09T09:45:17.923Z"}
{"level":"info","message":"Retreiving Controllers and Repositories!","timestamp":"2013-04-09T09:45:18.099Z"}
{"level":"info","message":"Defining routes...","timestamp":"2013-04-09T09:45:18.248Z"}
{"level":"info","message":"Tradesmate server listening on port 3000 in development mode","timestamp":"2013-04-09T09:45:18.267Z"}
{"level":"info","message":"POST http://localhost:3000/app/email","timestamp":"2013-04-09T09:45:19.544Z"}
{"level":"info","message":"Starting Tradesmate --------------------------------------------------","timestamp":"2013-04-10T00:55:38.134Z"}
{"level":"info","message":"Configuring application...","timestamp":"2013-04-10T00:55:38.170Z"}
{"level":"info","message":"Retreiving Controllers and Repositories!","timestamp":"2013-04-10T00:55:38.544Z"}
{"level":"info","message":"Defining routes...","timestamp":"2013-04-10T00:55:38.833Z"}
{"level":"info","message":"Tradesmate server listening on port 3000 in development mode","timestamp":"2013-04-10T00:55:38.849Z"}
{"level":"info","message":"Starting Email Monitor --------------------------------------------------","timestamp":"2013-04-11T00:16:39.275Z"}
{"level":"info","message":"Starting Tradesmate --------------------------------------------------","timestamp":"2013-04-11T03:14:49.406Z"}
{"level":"info","message":"Configuring application...","timestamp":"2013-04-11T03:14:49.422Z"}
{"level":"info","message":"Retreiving Controllers and Repositories!","timestamp":"2013-04-11T03:14:49.641Z"}
{"level":"info","message":"Defining routes...","timestamp":"2013-04-11T03:14:50.063Z"}
{"level":"info","message":"Tradesmate server listening on port 3000 in development mode","timestamp":"2013-04-11T03:14:50.078Z"}
{"level":"info","message":"Starting Tradesmate --------------------------------------------------","timestamp":"2013-04-11T03:15:21.207Z"}
{"level":"info","message":"Configuring application...","timestamp":"2013-04-11T03:15:21.222Z"}
{"level":"info","message":"Retreiving Controllers and Repositories!","timestamp":"2013-04-11T03:15:21.332Z"}
{"level":"info","message":"Defining routes...","timestamp":"2013-04-11T03:15:21.441Z"}
{"level":"info","message":"Tradesmate server listening on port 3000 in development mode","timestamp":"2013-04-11T03:15:21.457Z"}
{"level":"info","message":"Starting Tradesmate --------------------------------------------------","timestamp":"2013-04-11T05:59:53.734Z"}
{"level":"info","message":"Configuring application...","timestamp":"2013-04-11T05:59:53.750Z"}
{"level":"info","message":"Retreiving Controllers and Repositories!","timestamp":"2013-04-11T05:59:53.937Z"}
{"level":"info","message":"Defining routes...","timestamp":"2013-04-11T05:59:54.203Z"}
{"level":"info","message":"Tradesmate server listening on port 3000 in development mode","timestamp":"2013-04-11T05:59:54.218Z"}
{"level":"info","message":"Starting Tradesmate --------------------------------------------------","timestamp":"2013-04-11T06:00:29.237Z"}
{"level":"info","message":"Configuring application...","timestamp":"2013-04-11T06:00:29.237Z"}
{"level":"info","message":"Retreiving Controllers and Repositories!","timestamp":"2013-04-11T06:00:29.331Z"}
{"level":"info","message":"Defining routes...","timestamp":"2013-04-11T06:00:29.440Z"}
{"level":"info","message":"Tradesmate server listening on port 3000 in development mode","timestamp":"2013-04-11T06:00:29.456Z"}
{"level":"info","message":"Starting Tradesmate --------------------------------------------------","timestamp":"2013-04-12T05:48:23.428Z"}
{"level":"info","message":"Configuring application...","timestamp":"2013-04-12T05:48:23.444Z"}
{"level":"info","message":"Retreiving Controllers and Repositories!","timestamp":"2013-04-12T05:48:23.836Z"}
{"level":"info","message":"Defining routes...","timestamp":"2013-04-12T05:48:24.179Z"}
{"level":"info","message":"Tradesmate server listening on port 3000 in development mode","timestamp":"2013-04-12T05:48:24.195Z"}
{"level":"info","message":"Starting Tradesmate --------------------------------------------------","timestamp":"2013-04-12T06:00:12.549Z"}
{"level":"info","message":"Configuring application...","timestamp":"2013-04-12T06:00:12.549Z"}
{"level":"info","message":"Retreiving Controllers and Repositories!","timestamp":"2013-04-12T06:00:12.659Z"}
{"level":"info","message":"Defining routes...","timestamp":"2013-04-12T06:00:12.784Z"}
{"level":"info","message":"Tradesmate server listening on port 3000 in development mode","timestamp":"2013-04-12T06:00:12.799Z"}
{"level":"info","message":"Starting Tradesmate --------------------------------------------------","timestamp":"2013-04-12T06:27:54.954Z"}
{"level":"info","message":"Configuring application...","timestamp":"2013-04-12T06:27:54.954Z"}
{"level":"info","message":"Retreiving Controllers and Repositories!","timestamp":"2013-04-12T06:27:55.063Z"}
{"level":"info","message":"Defining routes...","timestamp":"2013-04-12T06:27:55.157Z"}
{"level":"info","message":"Tradesmate server listening on port 3000 in development mode","timestamp":"2013-04-12T06:27:55.173Z"}
{"level":"info","message":"Starting Tradesmate --------------------------------------------------","timestamp":"2013-04-12T06:28:14.177Z"}
{"level":"info","message":"Configuring application...","timestamp":"2013-04-12T06:28:14.177Z"}
{"level":"info","message":"Retreiving Controllers and Repositories!","timestamp":"2013-04-12T06:28:14.287Z"}
{"level":"info","message":"Defining routes...","timestamp":"2013-04-12T06:28:14.380Z"}
{"level":"info","message":"Tradesmate server listening on port 3000 in development mode","timestamp":"2013-04-12T06:28:14.396Z"}
{"level":"info","message":"Starting Tradesmate --------------------------------------------------","timestamp":"2013-04-12T11:54:16.219Z"}
{"level":"info","message":"Configuring application...","timestamp":"2013-04-12T11:54:16.219Z"}
{"level":"info","message":"Retreiving Controllers and Repositories!","timestamp":"2013-04-12T11:54:16.313Z"}
{"level":"info","message":"Defining routes...","timestamp":"2013-04-12T11:54:16.422Z"}
{"level":"info","message":"Tradesmate server listening on port 3000 in development mode","timestamp":"2013-04-12T11:54:16.422Z"}
{"level":"info","message":"Starting Tradesmate --------------------------------------------------","timestamp":"2013-04-15T00:13:24.261Z"}
{"level":"info","message":"Configuring application...","timestamp":"2013-04-15T00:13:24.292Z"}
{"level":"info","message":"Retreiving Controllers and Repositories!","timestamp":"2013-04-15T00:13:24.495Z"}
{"level":"info","message":"Defining routes...","timestamp":"2013-04-15T00:13:24.761Z"}
{"level":"info","message":"Tradesmate server listening on port 3000 in development mode","timestamp":"2013-04-15T00:13:24.776Z"}
{"level":"info","message":"Starting Tradesmate --------------------------------------------------","timestamp":"2013-04-15T00:54:52.949Z"}
{"level":"info","message":"Configuring application...","timestamp":"2013-04-15T00:54:52.965Z"}
{"level":"info","message":"Retreiving Controllers and Repositories!","timestamp":"2013-04-15T00:54:53.059Z"}
{"date":"Mon Apr 15 2013 08:54:53 GMT+0800 (China Standard Time)","process":{"pid":4448,"uid":null,"gid":null,"cwd":"D:\\Users\\teampo2\\Documents\\Visual Studio 2012\\WebSites\\WebSite1","execPath":"D:\\Program Files\\nodejs\\node.exe","version":"v0.10.0","argv":["node","D:\\Users\\teampo2\\Documents\\Visual Studio 2012\\WebSites\\WebSite1\\app.js"],"memoryUsage":{"rss":30515200,"heapTotal":28908416,"heapUsed":14900640}},"os":{"loadavg":[0,0,0],"uptime":3434.6367187},"trace":[{"column":29,"file":"D:\\Users\\teampo2\\Documents\\Visual Studio 2012\\WebSites\\WebSite1\\models\\rates.js","function":"","line":8,"method":null,"native":false},{"column":26,"file":"module.js","function":"Module._compile","line":456,"method":"_compile","native":false},{"column":10,"file":"module.js","function":"Object.Module._extensions..js","line":474,"method":"Module._extensions..js","native":false},{"column":32,"file":"module.js","function":"Module.load","line":356,"method":"load","native":false},{"column":12,"file":"module.js","function":"Function.Module._load","line":312,"method":"Module._load","native":false},{"column":17,"file":"module.js","function":"Module.require","line":364,"method":"require","native":false},{"column":17,"file":"module.js","function":"require","line":380,"method":null,"native":false},{"column":18,"file":"D:\\Users\\teampo2\\Documents\\Visual Studio 2012\\WebSites\\WebSite1\\app.js","function":"","line":229,"method":null,"native":false},{"column":26,"file":"module.js","function":"Module._compile","line":456,"method":"_compile","native":false},{"column":10,"file":"module.js","function":"Object.Module._extensions..js","line":474,"method":"Module._extensions..js","native":false}],"stack":["ReferenceError: ObjectId is not defined","    at Object.<anonymous> (D:\\Users\\teampo2\\Documents\\Visual Studio 2012\\WebSites\\WebSite1\\models\\rates.js:8:29)","    at Module._compile (module.js:456:26)","    at Object.Module._extensions..js (module.js:474:10)","    at Module.load (module.js:356:32)","    at Function.Module._load (module.js:312:12)","    at Module.require (module.js:364:17)","    at require (module.js:380:17)","    at Object.<anonymous> (D:\\Users\\teampo2\\Documents\\Visual Studio 2012\\WebSites\\WebSite1\\app.js:229:18)","    at Module._compile (module.js:456:26)","    at Object.Module._extensions..js (module.js:474:10)"],"level":"error","message":"uncaughtException","timestamp":"2013-04-15T00:54:53.137Z"}
{"level":"error","message":"UNCAUGHT EXCEPTION!!\r\nReferenceError: ObjectId is not defined\n    at Object.<anonymous> (D:\\Users\\teampo2\\Documents\\Visual Studio 2012\\WebSites\\WebSite1\\models\\rates.js:8:29)\n    at Module._compile (module.js:456:26)\n    at Object.Module._extensions..js (module.js:474:10)\n    at Module.load (module.js:356:32)\n    at Function.Module._load (module.js:312:12)\n    at Module.require (module.js:364:17)\n    at require (module.js:380:17)\n    at Object.<anonymous> (D:\\Users\\teampo2\\Documents\\Visual Studio 2012\\WebSites\\WebSite1\\app.js:229:18)\n    at Module._compile (module.js:456:26)\n    at Object.Module._extensions..js (module.js:474:10)","timestamp":"2013-04-15T00:54:53.137Z"}
{"level":"info","message":"Starting Tradesmate --------------------------------------------------","timestamp":"2013-04-15T00:56:08.653Z"}
{"level":"info","message":"Configuring application...","timestamp":"2013-04-15T00:56:08.653Z"}
{"level":"info","message":"Retreiving Controllers and Repositories!","timestamp":"2013-04-15T00:56:08.747Z"}
{"date":"Mon Apr 15 2013 08:56:08 GMT+0800 (China Standard Time)","process":{"pid":4912,"uid":null,"gid":null,"cwd":"D:\\Users\\teampo2\\Documents\\Visual Studio 2012\\WebSites\\WebSite1","execPath":"D:\\Program Files\\nodejs\\node.exe","version":"v0.10.0","argv":["node","D:\\Users\\teampo2\\Documents\\Visual Studio 2012\\WebSites\\WebSite1\\app.js"],"memoryUsage":{"rss":30547968,"heapTotal":28908416,"heapUsed":14911652}},"os":{"loadavg":[0,0,0],"uptime":3510.3564453},"trace":[{"column":1,"file":"D:\\Users\\teampo2\\Documents\\Visual Studio 2012\\WebSites\\WebSite1\\models\\rates.js","function":"","line":17,"method":null,"native":false},{"column":26,"file":"module.js","function":"Module._compile","line":456,"method":"_compile","native":false},{"column":10,"file":"module.js","function":"Object.Module._extensions..js","line":474,"method":"Module._extensions..js","native":false},{"column":32,"file":"module.js","function":"Module.load","line":356,"method":"load","native":false},{"column":12,"file":"module.js","function":"Function.Module._load","line":312,"method":"Module._load","native":false},{"column":17,"file":"module.js","function":"Module.require","line":364,"method":"require","native":false},{"column":17,"file":"module.js","function":"require","line":380,"method":null,"native":false},{"column":18,"file":"D:\\Users\\teampo2\\Documents\\Visual Studio 2012\\WebSites\\WebSite1\\app.js","function":"","line":229,"method":null,"native":false},{"column":26,"file":"module.js","function":"Module._compile","line":456,"method":"_compile","native":false},{"column":10,"file":"module.js","function":"Object.Module._extensions..js","line":474,"method":"Module._extensions..js","native":false}],"stack":["ReferenceError: RatesSchema is not defined","    at Object.<anonymous> (D:\\Users\\teampo2\\Documents\\Visual Studio 2012\\WebSites\\WebSite1\\models\\rates.js:17:1)","    at Module._compile (module.js:456:26)","    at Object.Module._extensions..js (module.js:474:10)","    at Module.load (module.js:356:32)","    at Function.Module._load (module.js:312:12)","    at Module.require (module.js:364:17)","    at require (module.js:380:17)","    at Object.<anonymous> (D:\\Users\\teampo2\\Documents\\Visual Studio 2012\\WebSites\\WebSite1\\app.js:229:18)","    at Module._compile (module.js:456:26)","    at Object.Module._extensions..js (module.js:474:10)"],"level":"error","message":"uncaughtException","timestamp":"2013-04-15T00:56:08.840Z"}
{"level":"error","message":"UNCAUGHT EXCEPTION!!\r\nReferenceError: RatesSchema is not defined\n    at Object.<anonymous> (D:\\Users\\teampo2\\Documents\\Visual Studio 2012\\WebSites\\WebSite1\\models\\rates.js:17:1)\n    at Module._compile (module.js:456:26)\n    at Object.Module._extensions..js (module.js:474:10)\n    at Module.load (module.js:356:32)\n    at Function.Module._load (module.js:312:12)\n    at Module.require (module.js:364:17)\n    at require (module.js:380:17)\n    at Object.<anonymous> (D:\\Users\\teampo2\\Documents\\Visual Studio 2012\\WebSites\\WebSite1\\app.js:229:18)\n    at Module._compile (module.js:456:26)\n    at Object.Module._extensions..js (module.js:474:10)","timestamp":"2013-04-15T00:56:08.856Z"}
{"level":"info","message":"Starting Tradesmate --------------------------------------------------","timestamp":"2013-04-15T00:57:24.116Z"}
{"level":"info","message":"Configuring application...","timestamp":"2013-04-15T00:57:24.132Z"}
{"level":"info","message":"Retreiving Controllers and Repositories!","timestamp":"2013-04-15T00:57:24.226Z"}
{"date":"Mon Apr 15 2013 08:57:24 GMT+0800 (China Standard Time)","process":{"pid":5020,"uid":null,"gid":null,"cwd":"D:\\Users\\teampo2\\Documents\\Visual Studio 2012\\WebSites\\WebSite1","execPath":"D:\\Program Files\\nodejs\\node.exe","version":"v0.10.0","argv":["node","D:\\Users\\teampo2\\Documents\\Visual Studio 2012\\WebSites\\WebSite1\\app.js"],"memoryUsage":{"rss":30523392,"heapTotal":28908416,"heapUsed":14909908}},"os":{"loadavg":[0,0,0],"uptime":3585.8037109},"trace":[{"column":1,"file":"D:\\Users\\teampo2\\Documents\\Visual Studio 2012\\WebSites\\WebSite1\\models\\rates.js","function":"","line":17,"method":null,"native":false},{"column":26,"file":"module.js","function":"Module._compile","line":456,"method":"_compile","native":false},{"column":10,"file":"module.js","function":"Object.Module._extensions..js","line":474,"method":"Module._extensions..js","native":false},{"column":32,"file":"module.js","function":"Module.load","line":356,"method":"load","native":false},{"column":12,"file":"module.js","function":"Function.Module._load","line":312,"method":"Module._load","native":false},{"column":17,"file":"module.js","function":"Module.require","line":364,"method":"require","native":false},{"column":17,"file":"module.js","function":"require","line":380,"method":null,"native":false},{"column":18,"file":"D:\\Users\\teampo2\\Documents\\Visual Studio 2012\\WebSites\\WebSite1\\app.js","function":"","line":229,"method":null,"native":false},{"column":26,"file":"module.js","function":"Module._compile","line":456,"method":"_compile","native":false},{"column":10,"file":"module.js","function":"Object.Module._extensions..js","line":474,"method":"Module._extensions..js","native":false}],"stack":["ReferenceError: RatesSchema is not defined","    at Object.<anonymous> (D:\\Users\\teampo2\\Documents\\Visual Studio 2012\\WebSites\\WebSite1\\models\\rates.js:17:1)","    at Module._compile (module.js:456:26)","    at Object.Module._extensions..js (module.js:474:10)","    at Module.load (module.js:356:32)","    at Function.Module._load (module.js:312:12)","    at Module.require (module.js:364:17)","    at require (module.js:380:17)","    at Object.<anonymous> (D:\\Users\\teampo2\\Documents\\Visual Studio 2012\\WebSites\\WebSite1\\app.js:229:18)","    at Module._compile (module.js:456:26)","    at Object.Module._extensions..js (module.js:474:10)"],"level":"error","message":"uncaughtException","timestamp":"2013-04-15T00:57:24.304Z"}
{"level":"error","message":"UNCAUGHT EXCEPTION!!\r\nReferenceError: RatesSchema is not defined\n    at Object.<anonymous> (D:\\Users\\teampo2\\Documents\\Visual Studio 2012\\WebSites\\WebSite1\\models\\rates.js:17:1)\n    at Module._compile (module.js:456:26)\n    at Object.Module._extensions..js (module.js:474:10)\n    at Module.load (module.js:356:32)\n    at Function.Module._load (module.js:312:12)\n    at Module.require (module.js:364:17)\n    at require (module.js:380:17)\n    at Object.<anonymous> (D:\\Users\\teampo2\\Documents\\Visual Studio 2012\\WebSites\\WebSite1\\app.js:229:18)\n    at Module._compile (module.js:456:26)\n    at Object.Module._extensions..js (module.js:474:10)","timestamp":"2013-04-15T00:57:24.304Z"}
{"level":"info","message":"Starting Tradesmate --------------------------------------------------","timestamp":"2013-04-15T00:57:40.679Z"}
{"level":"info","message":"Configuring application...","timestamp":"2013-04-15T00:57:40.679Z"}
{"level":"info","message":"Retreiving Controllers and Repositories!","timestamp":"2013-04-15T00:57:40.788Z"}
{"level":"info","message":"Defining routes...","timestamp":"2013-04-15T00:57:40.898Z"}
{"level":"info","message":"Tradesmate server listening on port 3000 in development mode","timestamp":"2013-04-15T00:57:40.898Z"}
{"level":"info","message":"Starting Tradesmate --------------------------------------------------","timestamp":"2013-04-15T01:07:17.453Z"}
{"level":"info","message":"Configuring application...","timestamp":"2013-04-15T01:07:17.469Z"}
{"level":"info","message":"Retreiving Controllers and Repositories!","timestamp":"2013-04-15T01:07:17.562Z"}
{"level":"info","message":"Defining routes...","timestamp":"2013-04-15T01:07:17.656Z"}
{"level":"info","message":"Tradesmate server listening on port 3000 in development mode","timestamp":"2013-04-15T01:07:17.672Z"}
{"level":"info","message":"Starting Tradesmate --------------------------------------------------","timestamp":"2013-04-15T01:15:07.208Z"}
{"level":"info","message":"Configuring application...","timestamp":"2013-04-15T01:15:07.224Z"}
{"level":"info","message":"Retreiving Controllers and Repositories!","timestamp":"2013-04-15T01:15:07.317Z"}
{"level":"info","message":"Defining routes...","timestamp":"2013-04-15T01:15:07.411Z"}
{"level":"info","message":"Tradesmate server listening on port 3000 in development mode","timestamp":"2013-04-15T01:15:07.427Z"}
